<?xml version="1.0" encoding="UTF-8"?>
<testsuites name="TS_DDT_CURA_Login_001" time="40.403" tests="2" failures="0" errors="0">
   <testsuite name="TS_DDT_CURA_Login_001" tests="2" failures="0" errors="0" time="40.403" skipped="0" timestamp="05-02-2024T23:05:59" hostname="durga - 10.1.62.99" id="Test Suites/DDT_CURA_Login_001/TS_DDT_CURA_Login_001">
      <properties>
         <property name="deviceName" value=""/>
         <property name="devicePlatform" value=""/>
         <property name="logFolder" value="C:\\Users\\durga\\git\\SI-GuidedProject-717635-1707148540\\Reports\\20240205_230548\\DDT_CURA_Login_001\\TS_DDT_CURA_Login_001\\20240205_230551"/>
         <property name="logFiles" value="C:\\Users\\durga\\git\\SI-GuidedProject-717635-1707148540\\Reports\\20240205_230548\\DDT_CURA_Login_001\\TS_DDT_CURA_Login_001\\20240205_230551\\execution0.log"/>
         <property name="attachments" value=""/>
         <property name="hostName" value="durga - 10.1.62.99"/>
         <property name="os" value="Windows 11 64bit"/>
         <property name="katalonVersion" value="9.3.0.212"/>
         <property name="browser" value="Edge Chromium 121"/>
         <property name="hostAddress" value="10.1.62.99"/>
         <property name="sessionId" value="cb4b41f4cf4fc2349614498b07ed32da"/>
         <property name="seleniumVersion" value="3.141.59"/>
         <property name="proxyInformation" value="ProxyInformation { proxyOption=NO_PROXY, proxyServerType=HTTP, username=, password=********, proxyServerAddress=, proxyServerPort=0, executionList=&quot;&quot;, isApplyToDesiredCapabilities=true }"/>
         <property name="platform" value="Windows 11"/>
      </properties>
      <testcase name="Test Cases/TC_CURA_Login_Validation_DDT_001/TC_CURA_Login_001" time="24.718" classname="Test Cases/TC_CURA_Login_Validation_DDT_001/TC_CURA_Login_001" status="PASSED">
         <system-out><![CDATA[05-02-2024T23:05:59 - [TEST_CASE][PASSED] - Test Cases/TC_CURA_Login_Validation_DDT_001/TC_CURA_Login_001: Test Cases/TC_CURA_Login_Validation_DDT_001/TC_CURA_Login_001

05-02-2024T23:06:00 - [TEST_STEP][PASSED] - openBrowser(""): Browser is opened with url: ''

05-02-2024T23:06:00 - [MESSAGE][INFO] - Starting 'Edge Chromium' driver

05-02-2024T23:06:01 - [MESSAGE][INFO] - Action delay is set to 0 milliseconds

05-02-2024T23:06:04 - [MESSAGE][PASSED] - Browser is opened with url: ''

05-02-2024T23:06:04 - [TEST_STEP][PASSED] - navigateToUrl("https://katalon-demo-cura.herokuapp.com/"): Navigate to 'https://katalon-demo-cura.herokuapp.com/' successfully

05-02-2024T23:06:12 - [MESSAGE][PASSED] - Navigate to 'https://katalon-demo-cura.herokuapp.com/' successfully

05-02-2024T23:06:12 - [TEST_STEP][PASSED] - click(findTestObject("Object Repository/TC_CURA_Login_OR_001/Page_CURA Healthcare Service/a_CURA Healthcare_menu-toggle")): Object: 'Object Repository/TC_CURA_Login_OR_001/Page_CURA Healthcare Service/a_CURA Healthcare_menu-toggle' is clicked on

05-02-2024T23:06:13 - [MESSAGE][PASSED] - Object: 'Object Repository/TC_CURA_Login_OR_001/Page_CURA Healthcare Service/a_CURA Healthcare_menu-toggle' is clicked on

05-02-2024T23:06:13 - [TEST_STEP][PASSED] - click(findTestObject("Object Repository/TC_CURA_Login_OR_001/Page_CURA Healthcare Service/a_Login")): Object: 'Object Repository/TC_CURA_Login_OR_001/Page_CURA Healthcare Service/a_Login' is clicked on

05-02-2024T23:06:14 - [MESSAGE][PASSED] - Object: 'Object Repository/TC_CURA_Login_OR_001/Page_CURA Healthcare Service/a_Login' is clicked on

05-02-2024T23:06:14 - [TEST_STEP][PASSED] - setText(findTestObject("Object Repository/TC_CURA_Login_OR_001/Page_CURA Healthcare Service/input_Username_username"), Username): Text 'John Doe' is set on object 'Object Repository/TC_CURA_Login_OR_001/Page_CURA Healthcare Service/input_Username_username'

05-02-2024T23:06:15 - [MESSAGE][PASSED] - Text 'John Doe' is set on object 'Object Repository/TC_CURA_Login_OR_001/Page_CURA Healthcare Service/input_Username_username'

05-02-2024T23:06:15 - [TEST_STEP][PASSED] - setText(findTestObject("Object Repository/TC_CURA_Login_OR_001/Page_CURA Healthcare Service/input_Password_password"), Password): Text 'ThisIsNotAPassword' is set on object 'Object Repository/TC_CURA_Login_OR_001/Page_CURA Healthcare Service/input_Password_password'

05-02-2024T23:06:16 - [MESSAGE][PASSED] - Text 'ThisIsNotAPassword' is set on object 'Object Repository/TC_CURA_Login_OR_001/Page_CURA Healthcare Service/input_Password_password'

05-02-2024T23:06:16 - [TEST_STEP][PASSED] - click(findTestObject("Object Repository/TC_CURA_Login_OR_001/Page_CURA Healthcare Service/button_Login")): Object: 'Object Repository/TC_CURA_Login_OR_001/Page_CURA Healthcare Service/button_Login' is clicked on

05-02-2024T23:06:17 - [MESSAGE][PASSED] - Object: 'Object Repository/TC_CURA_Login_OR_001/Page_CURA Healthcare Service/button_Login' is clicked on

05-02-2024T23:06:17 - [TEST_STEP][PASSED] - delay(6): Delayed 6 second(s)

05-02-2024T23:06:23 - [MESSAGE][PASSED] - Delayed 6 second(s)

05-02-2024T23:06:23 - [TEST_STEP][PASSED] - closeBrowser(): Browser is closed

05-02-2024T23:06:24 - [MESSAGE][PASSED] - Browser is closed]]></system-out>
         <system-err><![CDATA[]]></system-err>
      </testcase>
      <testcase name="Test Cases/TC_CURA_Login_Validation_DDT_001/TC_CURA_Login_001" time="15.104" classname="Test Cases/TC_CURA_Login_Validation_DDT_001/TC_CURA_Login_001" status="PASSED">
         <system-out><![CDATA[05-02-2024T23:06:24 - [TEST_CASE][PASSED] - Test Cases/TC_CURA_Login_Validation_DDT_001/TC_CURA_Login_001: Test Cases/TC_CURA_Login_Validation_DDT_001/TC_CURA_Login_001

05-02-2024T23:06:24 - [TEST_STEP][PASSED] - openBrowser(""): Browser is opened with url: ''

05-02-2024T23:06:24 - [MESSAGE][INFO] - Starting 'Edge Chromium' driver

05-02-2024T23:06:24 - [MESSAGE][INFO] - Action delay is set to 0 milliseconds

05-02-2024T23:06:25 - [MESSAGE][PASSED] - Browser is opened with url: ''

05-02-2024T23:06:25 - [TEST_STEP][PASSED] - navigateToUrl("https://katalon-demo-cura.herokuapp.com/"): Navigate to 'https://katalon-demo-cura.herokuapp.com/' successfully

05-02-2024T23:06:28 - [MESSAGE][PASSED] - Navigate to 'https://katalon-demo-cura.herokuapp.com/' successfully

05-02-2024T23:06:28 - [TEST_STEP][PASSED] - click(findTestObject("Object Repository/TC_CURA_Login_OR_001/Page_CURA Healthcare Service/a_CURA Healthcare_menu-toggle")): Object: 'Object Repository/TC_CURA_Login_OR_001/Page_CURA Healthcare Service/a_CURA Healthcare_menu-toggle' is clicked on

05-02-2024T23:06:28 - [MESSAGE][PASSED] - Object: 'Object Repository/TC_CURA_Login_OR_001/Page_CURA Healthcare Service/a_CURA Healthcare_menu-toggle' is clicked on

05-02-2024T23:06:28 - [TEST_STEP][PASSED] - click(findTestObject("Object Repository/TC_CURA_Login_OR_001/Page_CURA Healthcare Service/a_Login")): Object: 'Object Repository/TC_CURA_Login_OR_001/Page_CURA Healthcare Service/a_Login' is clicked on

05-02-2024T23:06:29 - [MESSAGE][PASSED] - Object: 'Object Repository/TC_CURA_Login_OR_001/Page_CURA Healthcare Service/a_Login' is clicked on

05-02-2024T23:06:29 - [TEST_STEP][PASSED] - setText(findTestObject("Object Repository/TC_CURA_Login_OR_001/Page_CURA Healthcare Service/input_Username_username"), Username): Text 'John Doe' is set on object 'Object Repository/TC_CURA_Login_OR_001/Page_CURA Healthcare Service/input_Username_username'

05-02-2024T23:06:30 - [MESSAGE][PASSED] - Text 'John Doe' is set on object 'Object Repository/TC_CURA_Login_OR_001/Page_CURA Healthcare Service/input_Username_username'

05-02-2024T23:06:30 - [TEST_STEP][PASSED] - setText(findTestObject("Object Repository/TC_CURA_Login_OR_001/Page_CURA Healthcare Service/input_Password_password"), Password): Text 'thisisnotapassword' is set on object 'Object Repository/TC_CURA_Login_OR_001/Page_CURA Healthcare Service/input_Password_password'

05-02-2024T23:06:31 - [MESSAGE][PASSED] - Text 'thisisnotapassword' is set on object 'Object Repository/TC_CURA_Login_OR_001/Page_CURA Healthcare Service/input_Password_password'

05-02-2024T23:06:31 - [TEST_STEP][PASSED] - click(findTestObject("Object Repository/TC_CURA_Login_OR_001/Page_CURA Healthcare Service/button_Login")): Object: 'Object Repository/TC_CURA_Login_OR_001/Page_CURA Healthcare Service/button_Login' is clicked on

05-02-2024T23:06:33 - [MESSAGE][PASSED] - Object: 'Object Repository/TC_CURA_Login_OR_001/Page_CURA Healthcare Service/button_Login' is clicked on

05-02-2024T23:06:33 - [TEST_STEP][PASSED] - delay(6): Delayed 6 second(s)

05-02-2024T23:06:39 - [MESSAGE][PASSED] - Delayed 6 second(s)

05-02-2024T23:06:39 - [TEST_STEP][PASSED] - closeBrowser(): Browser is closed

05-02-2024T23:06:39 - [MESSAGE][PASSED] - Browser is closed]]></system-out>
         <system-err><![CDATA[]]></system-err>
      </testcase>
      <system-out><![CDATA[05-02-2024T23:05:59 - [TEST_SUITE][PASSED] - TS_DDT_CURA_Login_001: Test Cases/TC_CURA_Login_Validation_DDT_001/TC_CURA_Login_001]]></system-out>
      <system-err><![CDATA[]]></system-err>
   </testsuite>
</testsuites>
